<?xml version="1.0" encoding="UTF-8" ?>
<testsuite errors="0" failures="0" hostname="sleepman.local" name="kr.ac.jejuuniv.UserDaoTest" skipped="0" tests="3" time="0.841" timestamp="2015-04-24T07:24:24">
  <properties>
    <property name="java.vendor" value="Oracle Corporation" />
    <property name="sun.java.launcher" value="SUN_STANDARD" />
    <property name="eclipse.pdebuild.templates" value="/daum/program/sts-bundle/sts-3.6.4.RELEASE/plugins/org.eclipse.pde.build_3.9.0.v20140415-2029/templates//" />
    <property name="sun.management.compiler" value="HotSpot 64-Bit Tiered Compilers" />
    <property name="os.name" value="Mac OS X" />
    <property name="test.src.path" value="src" />
    <property name="sun.boot.class.path" value="/Library/Java/JavaVirtualMachines/jdk1.7.0_51.jdk/Contents/Home/jre/lib/resources.jar:/Library/Java/JavaVirtualMachines/jdk1.7.0_51.jdk/Contents/Home/jre/lib/rt.jar:/Library/Java/JavaVirtualMachines/jdk1.7.0_51.jdk/Contents/Home/jre/lib/sunrsasign.jar:/Library/Java/JavaVirtualMachines/jdk1.7.0_51.jdk/Contents/Home/jre/lib/jsse.jar:/Library/Java/JavaVirtualMachines/jdk1.7.0_51.jdk/Contents/Home/jre/lib/jce.jar:/Library/Java/JavaVirtualMachines/jdk1.7.0_51.jdk/Contents/Home/jre/lib/charsets.jar:/Library/Java/JavaVirtualMachines/jdk1.7.0_51.jdk/Contents/Home/jre/lib/jfr.jar:/Library/Java/JavaVirtualMachines/jdk1.7.0_51.jdk/Contents/Home/jre/classes" />
    <property name="java.vm.specification.vendor" value="Oracle Corporation" />
    <property name="ant.home" value="/daum/program/sts-bundle/sts-3.6.4.RELEASE/plugins/org.apache.ant_1.9.2.v201404171502" />
    <property name="java.runtime.version" value="1.7.0_51-b13" />
    <property name="user.name" value="hyh0408" />
    <property name="user.language" value="ko" />
    <property name="dist.path" value="dist" />
    <property name="sun.boot.library.path" value="/Library/Java/JavaVirtualMachines/jdk1.7.0_51.jdk/Contents/Home/jre/lib" />
    <property name="test.classes.path" value="dist/tests" />
    <property name="ant.project.default-target" value="jar" />
    <property name="ant.project.name" value="userdao" />
    <property name="java.version" value="1.7.0_51" />
    <property name="user.timezone" value="" />
    <property name="sun.arch.data.model" value="64" />
    <property name="http.nonProxyHosts" value="local|*.local|169.254/16|*.169.254/16" />
    <property name="java.endorsed.dirs" value="/Library/Java/JavaVirtualMachines/jdk1.7.0_51.jdk/Contents/Home/jre/lib/endorsed" />
    <property name="sun.cpu.isalist" value="" />
    <property name="sun.jnu.encoding" value="UTF-8" />
    <property name="file.encoding.pkg" value="sun.io" />
    <property name="dist.name" value="userdao" />
    <property name="file.separator" value="/" />
    <property name="java.specification.name" value="Java Platform API Specification" />
    <property name="java.class.version" value="51.0" />
    <property name="user.country" value="KR" />
    <property name="java.home" value="/Library/Java/JavaVirtualMachines/jdk1.7.0_51.jdk/Contents/Home/jre" />
    <property name="java.vm.info" value="mixed mode" />
    <property name="ant.file" value="/daum/github/java-framework-class/java-framework-class/workspace2015/userdao/build.xml" />
    <property name="os.version" value="10.9.5" />
    <property name="path.separator" value=":" />
    <property name="java.vm.version" value="24.51-b03" />
    <property name="ant.file.type.userdao" value="file" />
    <property name="ant.library.dir" value="/daum/program/sts-bundle/sts-3.6.4.RELEASE/plugins/org.apache.ant_1.9.2.v201404171502/lib" />
    <property name="java.awt.printerjob" value="sun.lwawt.macosx.CPrinterJob" />
    <property name="sun.io.unicode.encoding" value="UnicodeBig" />
    <property name="awt.toolkit" value="sun.lwawt.macosx.LWCToolkit" />
    <property name="socksNonProxyHosts" value="local|*.local|169.254/16|*.169.254/16" />
    <property name="ftp.nonProxyHosts" value="local|*.local|169.254/16|*.169.254/16" />
    <property name="eclipse.pdebuild.scripts" value="/daum/program/sts-bundle/sts-3.6.4.RELEASE/plugins/org.eclipse.pde.build_3.9.0.v20140415-2029/scripts//" />
    <property name="user.home" value="/Users/hyh0408" />
    <property name="java.specification.vendor" value="Oracle Corporation" />
    <property name="java.library.path" value="/Users/hyh0408/Library/Java/Extensions:/Library/Java/Extensions:/Network/Library/Java/Extensions:/System/Library/Java/Extensions:/usr/lib/java:." />
    <property name="java.vendor.url" value="http://java.oracle.com/" />
    <property name="java.vm.vendor" value="Oracle Corporation" />
    <property name="gopherProxySet" value="false" />
    <property name="java.runtime.name" value="Java(TM) SE Runtime Environment" />
    <property name="sun.java.command" value="org.apache.tools.ant.taskdefs.optional.junit.JUnitTestRunner kr.ac.jejuuniv.UserDaoTest filtertrace=true haltOnError=false haltOnFailure=true formatter=org.apache.tools.ant.taskdefs.optional.junit.SummaryJUnitResultFormatter showoutput=false outputtoformatters=true logfailedtests=true logtestlistenerevents=false formatter=org.apache.tools.ant.taskdefs.optional.junit.PlainJUnitResultFormatter,/daum/github/java-framework-class/java-framework-class/workspace2015/userdao/dist/tests/TEST-kr.ac.jejuuniv.UserDaoTest.txt formatter=org.apache.tools.ant.taskdefs.optional.junit.XMLJUnitResultFormatter,/daum/github/java-framework-class/java-framework-class/workspace2015/userdao/dist/tests/TEST-kr.ac.jejuuniv.UserDaoTest.xml crashfile=/daum/github/java-framework-class/java-framework-class/workspace2015/userdao/junitvmwatcher2782717688554379669.properties propsfile=/daum/github/java-framework-class/java-framework-class/workspace2015/userdao/junit8545028559300647467.properties" />
    <property name="java.class.path" value="/daum/github/java-framework-class/java-framework-class/workspace2015/userdao/lib/commons-dbcp-1.4.jar:/daum/github/java-framework-class/java-framework-class/workspace2015/userdao/lib/commons-logging-1.1.3.jar:/daum/github/java-framework-class/java-framework-class/workspace2015/userdao/lib/commons-pool-1.6.jar:/daum/github/java-framework-class/java-framework-class/workspace2015/userdao/lib/hamcrest-core-1.3.jar:/daum/github/java-framework-class/java-framework-class/workspace2015/userdao/lib/javax.servlet.jsp.jstl-1.2.1.jar:/daum/github/java-framework-class/java-framework-class/workspace2015/userdao/lib/javax.servlet.jsp.jstl-api-1.2.1.jar:/daum/github/java-framework-class/java-framework-class/workspace2015/userdao/lib/junit-4.12.jar:/daum/github/java-framework-class/java-framework-class/workspace2015/userdao/lib/log4j-1.2.17.jar:/daum/github/java-framework-class/java-framework-class/workspace2015/userdao/lib/mybatis-3.2.5.jar:/daum/github/java-framework-class/java-framework-class/workspace2015/userdao/lib/mybatis-spring-1.2.2.jar:/daum/github/java-framework-class/java-framework-class/workspace2015/userdao/lib/mysql-connector-java-5.1.29-bin.jar:/daum/github/java-framework-class/java-framework-class/workspace2015/userdao/lib/slf4j-log4j12-1.7.10.jar:/daum/github/java-framework-class/java-framework-class/workspace2015/userdao/lib/spring-aop-4.1.5.RELEASE.jar:/daum/github/java-framework-class/java-framework-class/workspace2015/userdao/lib/spring-beans-4.1.5.RELEASE.jar:/daum/github/java-framework-class/java-framework-class/workspace2015/userdao/lib/spring-context-4.1.5.RELEASE.jar:/daum/github/java-framework-class/java-framework-class/workspace2015/userdao/lib/spring-context-support-4.1.5.RELEASE.jar:/daum/github/java-framework-class/java-framework-class/workspace2015/userdao/lib/spring-core-4.1.5.RELEASE.jar:/daum/github/java-framework-class/java-framework-class/workspace2015/userdao/lib/spring-expression-4.1.5.RELEASE.jar:/daum/github/java-framework-class/java-framework-class/workspace2015/userdao/lib/spring-jdbc-4.1.5.RELEASE.jar:/daum/github/java-framework-class/java-framework-class/workspace2015/userdao/lib/spring-orm-4.1.5.RELEASE.jar:/daum/github/java-framework-class/java-framework-class/workspace2015/userdao/lib/spring-tx-4.1.5.RELEASE.jar:/daum/github/java-framework-class/java-framework-class/workspace2015/userdao/lib/spring-web-4.1.5.RELEASE.jar:/daum/github/java-framework-class/java-framework-class/workspace2015/userdao/lib/spring-webmvc-4.1.5.RELEASE.jar:/daum/github/java-framework-class/java-framework-class/workspace2015/userdao/dist/classes:/daum/github/java-framework-class/java-framework-class/workspace2015/userdao/dist/tests:/daum/program/sts-bundle/sts-3.6.4.RELEASE/plugins/org.apache.ant_1.9.2.v201404171502/lib/ant-launcher.jar:/daum/program/sts-bundle/sts-3.6.4.RELEASE/plugins/org.apache.ant_1.9.2.v201404171502/lib/ant.jar:/daum/program/sts-bundle/sts-3.6.4.RELEASE/plugins/org.apache.ant_1.9.2.v201404171502/lib/ant-junit.jar:/daum/program/sts-bundle/sts-3.6.4.RELEASE/plugins/org.apache.ant_1.9.2.v201404171502/lib/ant-junit4.jar" />
    <property name="src.path" value="src" />
    <property name="ant.version" value="Apache Ant(TM) version 1.9.2 compiled on July 8 2013" />
    <property name="java.vm.specification.name" value="Java Virtual Machine Specification" />
    <property name="java.vm.specification.version" value="1.7" />
    <property name="sun.cpu.endian" value="little" />
    <property name="sun.os.patch.level" value="unknown" />
    <property name="eclipse.pdebuild.home" value="/daum/program/sts-bundle/sts-3.6.4.RELEASE/plugins/org.eclipse.pde.build_3.9.0.v20140415-2029/.//" />
    <property name="java.io.tmpdir" value="/var/folders/v5/370y6xk51vz3swq4t_q72gy00000gn/T/" />
    <property name="project.title" value="userdao" />
    <property name="java.vendor.url.bug" value="http://bugreport.sun.com/bugreport/" />
    <property name="lib.path" value="lib" />
    <property name="os.arch" value="x86_64" />
    <property name="java.awt.graphicsenv" value="sun.awt.CGraphicsEnvironment" />
    <property name="java.ext.dirs" value="/Users/hyh0408/Library/Java/Extensions:/Library/Java/JavaVirtualMachines/jdk1.7.0_51.jdk/Contents/Home/jre/lib/ext:/Library/Java/Extensions:/Network/Library/Java/Extensions:/System/Library/Java/Extensions:/usr/lib/java" />
    <property name="ant.file.userdao" value="/daum/github/java-framework-class/java-framework-class/workspace2015/userdao/build.xml" />
    <property name="user.dir" value="/daum/github/java-framework-class/java-framework-class/workspace2015/userdao" />
    <property name="line.separator" value="&#xa;" />
    <property name="java.vm.name" value="Java HotSpot(TM) 64-Bit Server VM" />
    <property name="basedir" value="/daum/github/java-framework-class/java-framework-class/workspace2015/userdao" />
    <property name="ant.java.version" value="1.7" />
    <property name="ant.core.lib" value="/daum/program/sts-bundle/sts-3.6.4.RELEASE/plugins/org.apache.ant_1.9.2.v201404171502/lib/ant.jar" />
    <property name="file.encoding" value="US-ASCII" />
    <property name="classes.path" value="dist/classes" />
    <property name="java.specification.version" value="1.7" />
    <property name="ant.project.invoked-targets" value="jar" />
  </properties>
  <testcase classname="kr.ac.jejuuniv.UserDaoTest" name="delete" time="0.704" />
  <testcase classname="kr.ac.jejuuniv.UserDaoTest" name="add" time="0.051" />
  <testcase classname="kr.ac.jejuuniv.UserDaoTest" name="get" time="0.036" />
  <system-out><![CDATA[]]></system-out>
  <system-err><![CDATA[log4j:WARN No appenders could be found for logger (org.springframework.core.env.StandardEnvironment).
log4j:WARN Please initialize the log4j system properly.
log4j:WARN See http://logging.apache.org/log4j/1.2/faq.html#noconfig for more info.
]]></system-err>
</testsuite>
